<?xml version="1.0" encoding="UTF-8"?>
<Site BuildName="(empty)"
	BuildStamp="20241113-0936-Experimental"
	Name="(empty)"
	Generator="ctest-3.27.2"
	CompilerName=""
	CompilerVersion=""
	OSName="macOS"
	Hostname="JShens-MacBook-Pro.local"
	OSRelease="15.0.1"
	OSVersion="24A348"
	OSPlatform="arm64"
	Is64Bits="1"
	VendorString="IBM"
	VendorID="IBM"
	FamilyID="16777228"
	ModelID="2"
	ProcessorCacheSize="131072"
	NumberOfLogicalCPU="8"
	NumberOfPhysicalCPU="8"
	TotalVirtualMemory="2048"
	TotalPhysicalMemory="8192"
	LogicalProcessorsPerPhysical="8"
	ProcessorClockFrequency="0"
	>
	<Testing>
		<StartDateTime>Nov 13 17:36 CST</StartDateTime>
		<StartTestTime>1731490612</StartTestTime>
		<TestList/>
		<EndDateTime>Nov 13 17:36 CST</EndDateTime>
		<EndTestTime>1731490612</EndTestTime>
		<ElapsedMinutes>0</ElapsedMinutes>
	</Testing>
</Site>
